0 info it worked if it ends with ok
1 verbose cli [ '/usr/bin/node', '/usr/bin/npm', 'install', 'sweetalert' ]
2 info using npm@4.0.5
3 info using node@v7.3.0
4 silly loadCurrentTree Starting
5 silly install loadCurrentTree
6 silly install readLocalPackageData
7 silly fetchPackageMetaData sweetalert
8 silly fetchNamedPackageData sweetalert
9 silly mapToRegistry name sweetalert
10 silly mapToRegistry using default registry
11 silly mapToRegistry registry https://registry.npmjs.org/
12 silly mapToRegistry data Result {
12 silly mapToRegistry   raw: 'sweetalert',
12 silly mapToRegistry   scope: null,
12 silly mapToRegistry   escapedName: 'sweetalert',
12 silly mapToRegistry   name: 'sweetalert',
12 silly mapToRegistry   rawSpec: '',
12 silly mapToRegistry   spec: 'latest',
12 silly mapToRegistry   type: 'tag' }
13 silly mapToRegistry uri https://registry.npmjs.org/sweetalert
14 verbose request uri https://registry.npmjs.org/sweetalert
15 verbose request no auth needed
16 info attempt registry request try #1 at 12:13:17 AM
17 verbose request id 493957902421d158
18 verbose etag W/"580e87f6-4477"
19 verbose lastModified Mon, 24 Oct 2016 22:15:18 GMT
20 http request GET https://registry.npmjs.org/sweetalert
21 http 304 https://registry.npmjs.org/sweetalert
22 verbose headers { date: 'Sat, 14 Jan 2017 06:13:17 GMT',
22 verbose headers   via: '1.1 varnish',
22 verbose headers   'cache-control': 'max-age=300',
22 verbose headers   etag: 'W/"580e87f6-4477"',
22 verbose headers   age: '40',
22 verbose headers   connection: 'keep-alive',
22 verbose headers   'x-served-by': 'cache-dfw1828-DFW',
22 verbose headers   'x-cache': 'HIT',
22 verbose headers   'x-cache-hits': '1',
22 verbose headers   'x-timer': 'S1484374397.895147,VS0,VE0',
22 verbose headers   vary: 'Accept-Encoding' }
23 silly get cb [ 304,
23 silly get   { date: 'Sat, 14 Jan 2017 06:13:17 GMT',
23 silly get     via: '1.1 varnish',
23 silly get     'cache-control': 'max-age=300',
23 silly get     etag: 'W/"580e87f6-4477"',
23 silly get     age: '40',
23 silly get     connection: 'keep-alive',
23 silly get     'x-served-by': 'cache-dfw1828-DFW',
23 silly get     'x-cache': 'HIT',
23 silly get     'x-cache-hits': '1',
23 silly get     'x-timer': 'S1484374397.895147,VS0,VE0',
23 silly get     vary: 'Accept-Encoding' } ]
24 verbose etag https://registry.npmjs.org/sweetalert from cache
25 verbose get saving sweetalert to /home/ninja/.npm/registry.npmjs.org/sweetalert/.cache.json
26 verbose correctMkdir /home/ninja/.npm correctMkdir not in flight; initializing
27 silly install normalizeTree
28 silly loadCurrentTree Finishing
29 silly loadIdealTree Starting
30 silly install loadIdealTree
31 silly cloneCurrentTree Starting
32 silly install cloneCurrentTreeToIdealTree
33 silly cloneCurrentTree Finishing
34 silly loadShrinkwrap Starting
35 silly install loadShrinkwrap
36 silly loadShrinkwrap Finishing
37 silly loadAllDepsIntoIdealTree Starting
38 silly install loadAllDepsIntoIdealTree
39 silly resolveWithNewModule sweetalert@1.1.3 checking installable status
40 silly cache add args [ 'sweetalert', null ]
41 verbose cache add spec sweetalert
42 silly cache add parsed spec Result {
42 silly cache add   raw: 'sweetalert',
42 silly cache add   scope: null,
42 silly cache add   escapedName: 'sweetalert',
42 silly cache add   name: 'sweetalert',
42 silly cache add   rawSpec: '',
42 silly cache add   spec: 'latest',
42 silly cache add   type: 'tag' }
43 silly addNamed sweetalert@latest
44 verbose addNamed "latest" is being treated as a dist-tag for sweetalert
45 info addNameTag [ 'sweetalert', 'latest' ]
46 silly mapToRegistry name sweetalert
47 silly mapToRegistry using default registry
48 silly mapToRegistry registry https://registry.npmjs.org/
49 silly mapToRegistry data Result {
49 silly mapToRegistry   raw: 'sweetalert',
49 silly mapToRegistry   scope: null,
49 silly mapToRegistry   escapedName: 'sweetalert',
49 silly mapToRegistry   name: 'sweetalert',
49 silly mapToRegistry   rawSpec: '',
49 silly mapToRegistry   spec: 'latest',
49 silly mapToRegistry   type: 'tag' }
50 silly mapToRegistry uri https://registry.npmjs.org/sweetalert
51 verbose addNameTag registry:https://registry.npmjs.org/sweetalert not in flight; fetching
52 verbose get https://registry.npmjs.org/sweetalert not expired, no request
53 silly addNameTag next cb for sweetalert with tag latest
54 silly addNamed sweetalert@1.1.3
55 verbose addNamed "1.1.3" is a plain semver version for sweetalert
56 silly cache afterAdd sweetalert@1.1.3
57 verbose afterAdd /home/ninja/.npm/sweetalert/1.1.3/package/package.json not in flight; writing
58 verbose correctMkdir /home/ninja/.npm correctMkdir not in flight; initializing
59 verbose afterAdd /home/ninja/.npm/sweetalert/1.1.3/package/package.json written
60 silly loadAllDepsIntoIdealTree Finishing
61 silly loadIdealTree Finishing
62 silly currentTree playlist
62 silly currentTree └── sweetalert@1.1.3
63 silly idealTree playlist
63 silly idealTree └── sweetalert@1.1.3
64 silly generateActionsToTake Starting
65 silly install generateActionsToTake
66 warn checkPermissions Missing write access to /home/ninja/Desktop/playlist/node_modules
67 silly rollbackFailedOptional Starting
68 silly rollbackFailedOptional Finishing
69 silly runTopLevelLifecycles Finishing
70 silly install printInstalled
71 warn enoent ENOENT: no such file or directory, open '/home/ninja/Desktop/playlist/package.json'
72 verbose enoent ENOENT: no such file or directory, open '/home/ninja/Desktop/playlist/package.json'
72 verbose enoent This is most likely not a problem with npm itself
72 verbose enoent and is related to npm not being able to find a file.
73 warn playlist No description
74 verbose If you need help, you may report this error at:
74 verbose     <https://github.com/npm/npm/issues>
75 warn playlist No repository field.
76 verbose If you need help, you may report this error at:
76 verbose     <https://github.com/npm/npm/issues>
77 warn playlist No README data
78 verbose If you need help, you may report this error at:
78 verbose     <https://github.com/npm/npm/issues>
79 warn playlist No license field.
80 verbose If you need help, you may report this error at:
80 verbose     <https://github.com/npm/npm/issues>
81 verbose stack Error: EACCES: permission denied, access '/home/ninja/Desktop/playlist/node_modules'
82 verbose cwd /home/ninja/Desktop/playlist
83 error Linux 4.4.39-1-MANJARO
84 error argv "/usr/bin/node" "/usr/bin/npm" "install" "sweetalert"
85 error node v7.3.0
86 error npm  v4.0.5
87 error path /home/ninja/Desktop/playlist/node_modules
88 error code EACCES
89 error errno -13
90 error syscall access
91 error Error: EACCES: permission denied, access '/home/ninja/Desktop/playlist/node_modules'
91 error  { Error: EACCES: permission denied, access '/home/ninja/Desktop/playlist/node_modules'
91 error   errno: -13,
91 error   code: 'EACCES',
91 error   syscall: 'access',
91 error   path: '/home/ninja/Desktop/playlist/node_modules' }
92 error Please try running this command again as root/Administrator.
93 verbose exit [ -13, true ]
